<?xml version="1.0" encoding="UTF-8"?>
<testsuites name="bun test" tests="1900" assertions="7182" failures="401" skipped="11" time="38.2296019">
  <testsuite name="control\start.test.ts" file="control\start.test.ts" tests="6" assertions="15" failures="0" skipped="0" time="0.003" hostname="">
    <testcase name="commandForService maps control services to startup commands" classname="" time="0.002058" file="control\start.test.ts" line="14" assertions="2" />
    <testcase name="bindTerminationHandlers forwards registered signals and unregisters on cleanup" classname="" time="0.000435" file="control\start.test.ts" line="19" assertions="2" />
    <testcase name="resolveControlEnvironment loads control secrets from Secret Manager inputs" classname="" time="0.001267" file="control\start.test.ts" line="43" assertions="4" />
    <testcase name="resolveControlEnvironment rejects missing project or prefix" classname="" time="0.0002" file="control\start.test.ts" line="64" assertions="2" />
    <testcase name="resolveControlEnvironment rejects blank loaded secrets" classname="" time="0.000222" file="control\start.test.ts" line="82" assertions="1" />
    <testcase name="resolveControlEnvironment drops ambient non-control secrets from child env" classname="" time="0.000204" file="control\start.test.ts" line="91" assertions="4" />
  </testsuite>
  <testsuite name="runtimes\start.test.ts" file="runtimes\start.test.ts" tests="15" assertions="47" failures="0" skipped="0" time="0.067" hostname="">
    <testcase name="commandForRuntime maps runtimes to startup commands" classname="" time="0.000146" file="runtimes\start.test.ts" line="16" assertions="2" />
    <testcase name="runtime termination helpers forward signals and stop the server" classname="" time="0.000329" file="runtimes\start.test.ts" line="21" assertions="3" />
    <testcase name="resolveRuntimeEnvironment loads least-privilege role secrets" classname="" time="0.00103" file="runtimes\start.test.ts" line="52" assertions="6" />
    <testcase name="resolveRuntimeEnvironment drops ambient secrets outside the role allowlist" classname="" time="0.000353" file="runtimes\start.test.ts" line="77" assertions="4" />
    <testcase name="resolveRuntimeEnvironment rejects missing role/project/prefix" classname="" time="0.000226" file="runtimes\start.test.ts" line="100" assertions="1" />
    <testcase name="prepareRuntimeConfig seeds zeroclaw Codex auth profile and runs OAuth refresh" classname="" time="0.017155" file="runtimes\start.test.ts" line="109" assertions="8" />
    <testcase name="seedZeroclawProviderModel patches an existing empty providers table and is idempotent" classname="" time="0.007628" file="runtimes\start.test.ts" line="145" assertions="4" />
    <testcase name="prepareRuntimeConfig seeds nullclaw Codex auth profile and imports it" classname="" time="0.006626" file="runtimes\start.test.ts" line="163" assertions="3" />
    <testcase name="prepareRuntimeConfig redacts OAuth payloads from startup failures" classname="" time="0.003177" file="runtimes\start.test.ts" line="199" assertions="3" />
    <testcase name="validateRuntimeDispatchPayload enforces runtime/role/stage matching" classname="" time="0.000268" file="runtimes\start.test.ts" line="214" assertions="2" />
    <testcase name="validateRuntimeDispatchPayload rejects oversized request text" classname="" time="0.000063" file="runtimes\start.test.ts" line="242" assertions="2" />
    <testcase name="validateRuntimeDispatchPayload rejects write-stage dispatch at runtime boundary" classname="" time="0.000059" file="runtimes\start.test.ts" line="259" assertions="2" />
    <testcase name="executeStageWork writes a tangible stage artifact" classname="" time="0.00959" file="runtimes\start.test.ts" line="277" assertions="2" />
    <testcase name="handleDispatchRequest authenticates and writes artifact plus receipt" classname="" time="0.017814" file="runtimes\start.test.ts" line="294" assertions="4" />
    <testcase name="handleDispatchRequest rejects oversized bodies before writing artifacts" classname="" time="0.00753" file="runtimes\start.test.ts" line="337" assertions="1" />
  </testsuite>
  <testsuite name="compare\dashboard.test.ts" file="compare\dashboard.test.ts" tests="2" assertions="26" failures="0" skipped="0" time="0" hostname="">
    <testcase name="dashboard renders both runtime names and all 5 metric families and is non-empty with static data" classname="" time="0.000533" file="compare\dashboard.test.ts" line="6" assertions="21" />
    <testcase name="dashboard rendering with summaries generated from a deterministic mock RunFn" classname="" time="0.000852" file="compare\dashboard.test.ts" line="64" assertions="5" />
  </testsuite>
  <testsuite name="compare\metrics.test.ts" file="compare\metrics.test.ts" tests="3" assertions="27" failures="0" skipped="0" time="0" hostname="">
    <testcase name="summarize - empty input returns empty array" classname="" time="0.000046" file="compare\metrics.test.ts" line="5" assertions="1" />
    <testcase name="summarize - math correct with known samples" classname="" time="0.00027" file="compare\metrics.test.ts" line="9" assertions="17" />
    <testcase name="summarize - a runtime with zero samples handled gracefully" classname="" time="0.000109" file="compare\metrics.test.ts" line="69" assertions="9" />
  </testsuite>
  <testsuite name="compare\runner.test.ts" file="compare\runner.test.ts" tests="3" assertions="22" failures="0" skipped="0" time="0" hostname="">
    <testcase name="runComparison invokes RunFn correct number of times and with correct run indices" classname="" time="0.000415" file="compare\runner.test.ts" line="5" assertions="12" />
    <testcase name="runComparison rejects invalid or unsafe run counts" classname="" time="0.000264" file="compare\runner.test.ts" line="50" assertions="5" />
    <testcase name="compareAndSummarize returns both samples and summaries correctly" classname="" time="0.000257" file="compare\runner.test.ts" line="69" assertions="5" />
  </testsuite>
  <testsuite name="discord\approval.test.ts" file="discord\approval.test.ts" tests="14" assertions="45" failures="0" skipped="0" time="0.007" hostname="">
    <testcase name="ApprovalRegistry: action-scoped lifecycle with consume" classname="" time="0.007478" file="discord\approval.test.ts" line="7" assertions="13" />
    <testcase name="ApprovalRegistry prunes stale terminal records and preserves recent approvals" classname="" time="0.000183" file="discord\approval.test.ts" line="33" assertions="3" />
    <testcase name="ApprovalRegistry bounded mode evicts consumed records before approved records" classname="" time="0.000403" file="discord\approval.test.ts" line="53" assertions="3" />
    <testcase name="guardHighRisk: blocks, consumes matching action approval, and isolates actions" classname="" time="0.000318" file="discord\approval.test.ts" line="66" assertions="16" />
    <testcase name="bot handlers: buildHandlers routes action-scoped events and manages registry" classname="" time="0.000177" file="discord\approval.test.ts" line="95" assertions="1" />
    <testcase name="bot handlers with bridging: request creates workflow, action approval bridges to store, config set yolo is rejected" classname="" time="0.000033" file="discord\approval.test.ts" line="106" assertions="1" />
    <testcase name="bot handlers reply to direct mentions and parse commands after mention" classname="" time="0.000033" file="discord\approval.test.ts" line="109" assertions="1" />
    <testcase name="bot handlers can fan out request both into both runtimes" classname="" time="0.000026" file="discord\approval.test.ts" line="113" assertions="1" />
    <testcase name="bot handlers reject commands from the wrong guild or channel" classname="" time="0.000027" file="discord\approval.test.ts" line="117" assertions="1" />
    <testcase name="bot handlers require approval permission for approve/reject/config-set" classname="" time="0.000026" file="discord\approval.test.ts" line="121" assertions="1" />
    <testcase name="discordCommandDefinitions registers the production slash command surface" classname="" time="0.000028" file="discord\approval.test.ts" line="125" assertions="1" />
    <testcase name="bot handlers reply with delivery failures instead of hanging" classname="" time="0.000045" file="discord\approval.test.ts" line="129" assertions="1" />
    <testcase name="bot interaction handlers defer before forwarding and edit final response" classname="" time="0.000048" file="discord\approval.test.ts" line="133" assertions="1" />
    <testcase name="bot handlers allow approval commands for authorized approvers in the approval channel" classname="" time="0.000027" file="discord\approval.test.ts" line="137" assertions="1" />
  </testsuite>
  <testsuite name="discord\commands.test.ts" file="discord\commands.test.ts" tests="6" assertions="45" failures="0" skipped="0" time="0" hostname="">
    <testcase name="parseCommand: request command" classname="" time="0.000722" file="discord\commands.test.ts" line="4" assertions="4" />
    <testcase name="parseCommand: approve command requires workflow id and action" classname="" time="0.000259" file="discord\commands.test.ts" line="36" assertions="5" />
    <testcase name="parseCommand: reject command requires workflow id and action" classname="" time="0.000113" file="discord\commands.test.ts" line="65" assertions="4" />
    <testcase name="parseCommand: config set command" classname="" time="0.000303" file="discord\commands.test.ts" line="93" assertions="7" />
    <testcase name="parseCommand: unknown commands" classname="" time="0.000092" file="discord\commands.test.ts" line="124" assertions="10" />
    <testcase name="validateConfigValue validations" classname="" time="0.000493" file="discord\commands.test.ts" line="146" assertions="15" />
  </testsuite>
  <testsuite name="hive\runtime-auth.test.ts" file="hive\runtime-auth.test.ts" tests="4" assertions="18" failures="0" skipped="0" time="0.03" hostname="">
    <testcase name="prepareRuntimeConfig seeds zeroclaw Codex auth profile and runs OAuth refresh" classname="" time="0.006999" file="hive\runtime-auth.test.ts" line="6" assertions="8" />
    <testcase name="seedZeroclawProviderModel patches an existing empty providers table and is idempotent" classname="" time="0.015046" file="hive\runtime-auth.test.ts" line="42" assertions="4" />
    <testcase name="prepareRuntimeConfig seeds nullclaw Codex auth profile and imports it" classname="" time="0.007293" file="hive\runtime-auth.test.ts" line="60" assertions="3" />
    <testcase name="prepareRuntimeConfig redacts OAuth payloads from startup failures" classname="" time="0.002402" file="hive\runtime-auth.test.ts" line="96" assertions="3" />
  </testsuite>
  <testsuite name="hive\start.test.ts" file="hive\start.test.ts" tests="1" assertions="48" failures="0" skipped="0" time="0" hostname="">
    <testcase name="buildChildSpecs - environment isolation and port mapping" classname="" time="0.000888" file="hive\start.test.ts" line="7" assertions="48" />
  </testsuite>
  <testsuite name="qa\red-team.test.ts" file="qa\red-team.test.ts" tests="26" assertions="115" failures="0" skipped="0" time="0.023" hostname="">
    <testcase name="1.1 Merge gate - all 2-of-3 combinations must be blocked" classname="" time="0.000214" file="qa\red-team.test.ts" line="30" assertions="6" />
    <testcase name="1.2 Merge gate - truthy-but-not-true values should be blocked" classname="" time="0.000047" file="qa\red-team.test.ts" line="59" assertions="1" />
    <testcase name="2.1 Webhook signature forgery - tampered body with valid old signature" classname="" time="0.00052" file="qa\red-team.test.ts" line="78" assertions="1" />
    <testcase name="2.2 Webhook signature forgery - wrong secret" classname="" time="0.000101" file="qa\red-team.test.ts" line="93" assertions="1" />
    <testcase name="2.3 Webhook signature forgery - malformed headers" classname="" time="0.000149" file="qa\red-team.test.ts" line="104" assertions="5" />
    <testcase name="2.4 Webhook signature - correctly-signed body must be accepted" classname="" time="0.0001" file="qa\red-team.test.ts" line="123" assertions="1" />
    <testcase name="3.1 Secret loader - read-only roles must NEVER trigger access to the write token id" classname="" time="0.000473" file="qa\red-team.test.ts" line="145" assertions="3" />
    <testcase name="3.1b Secret loader - write roles use read-only startup env and require mediated write-secret release" classname="" time="0.000613" file="qa\red-team.test.ts" line="162" assertions="8" />
    <testcase name="3.2 Secret loader - missing required secret and empty value throws MissingSecretError" classname="" time="0.000496" file="qa\red-team.test.ts" line="183" assertions="2" />
    <testcase name="3.3 Secret loader - redact() must mask values even when they contain regex-special chars" classname="" time="0.000207" file="qa\red-team.test.ts" line="202" assertions="2" />
    <testcase name="3.4 Secret loader - confirm no secret value appears in thrown error messages" classname="" time="0.00048" file="qa\red-team.test.ts" line="211" assertions="1" />
    <testcase name="3.5 Control secret loader - control services receive only their own control-plane credentials" classname="" time="0.00137" file="qa\red-team.test.ts" line="230" assertions="10" />
    <testcase name="4.1 High-risk guard - action-scoped approvals are consumed and cannot cross-authorize" classname="" time="0.000479" file="qa\red-team.test.ts" line="262" assertions="7" />
    <testcase name="4.4 Control event path - unauthenticated approval mutation is rejected" classname="" time="0.00159" file="qa\red-team.test.ts" line="287" assertions="2" />
    <testcase name="4.5 Discord control plane - approval command outside approval policy is rejected" classname="" time="0.000197" file="qa\red-team.test.ts" line="301" assertions="1" />
    <testcase name="4.6 Dispatch broker - unauthenticated write-secret release is rejected" classname="" time="0.002093" file="qa\red-team.test.ts" line="320" assertions="1" />
    <testcase name="4.7 Dispatch broker - approved write-secret release is scoped and consumes approval" classname="" time="0.015229" file="qa\red-team.test.ts" line="342" assertions="4" />
    <testcase name="4.7b Dispatch broker - approved merge release is scoped and consumed only when merge is ready" classname="" time="0.004897" file="qa\red-team.test.ts" line="372" assertions="2" />
    <testcase name="4.2 High-risk guard - unknown or non-high-risk action always allowed" classname="" time="0.000232" file="qa\red-team.test.ts" line="402" assertions="3" />
    <testcase name="4.3 High-risk guard - approval for workflowId/action A must not authorize workflowId/action B" classname="" time="0.00019" file="qa\red-team.test.ts" line="411" assertions="3" />
    <testcase name="5.1 Command parser fuzz - unrecognized inputs must return unknown, no crash" classname="" time="0.000474" file="qa\red-team.test.ts" line="427" assertions="28" />
    <testcase name="5.2 Command parser fuzz - extra whitespace handled correctly" classname="" time="0.00022" file="qa\red-team.test.ts" line="452" assertions="10" />
    <testcase name="6.1 Metric math - empty samples returns empty array" classname="" time="0.000042" file="qa\red-team.test.ts" line="477" assertions="1" />
    <testcase name="6.2 Metric math - single runtime only" classname="" time="0.000186" file="qa\red-team.test.ts" line="481" assertions="3" />
    <testcase name="6.3 Metric math - all-failed batch" classname="" time="0.000235" file="qa\red-team.test.ts" line="506" assertions="2" />
    <testcase name="6.4 Metric math - mixed exact averages" classname="" time="0.000418" file="qa\red-team.test.ts" line="537" assertions="7" />
  </testsuite>
  <testsuite name="qa\status-relay.test.ts" file="qa\status-relay.test.ts" tests="2" assertions="6" failures="0" skipped="0" time="0.013" hostname="">
    <testcase name="StatusRelayHandler includes repo in content when provided" classname="" time="0.013418" file="qa\status-relay.test.ts" line="5" assertions="4" />
    <testcase name="StatusRelayHandler defaults to Sovereign emoji when claw is Sovereign" classname="" time="0.000264" file="qa\status-relay.test.ts" line="35" assertions="2" />
  </testsuite>
  <testsuite name="scripts\browser-status.test.ts" file="scripts\browser-status.test.ts" tests="1" assertions="5" failures="0" skipped="0" time="0.007" hostname="">
    <testcase name="renderStatusHtml includes container and workflow data" classname="" time="0.007524" file="scripts\browser-status.test.ts" line="4" assertions="5" />
  </testsuite>
  <testsuite name="scripts\check-compose.test.ts" file="scripts\check-compose.test.ts" tests="7" assertions="32" failures="0" skipped="0" time="0.153" hostname="">
    <testcase name="compose security posture: every static check passes" classname="" time="0.084334" file="scripts\check-compose.test.ts" line="4" assertions="2" />
    <testcase name="no service mounts the host Docker socket or host workspace" classname="" time="0.013363" file="scripts\check-compose.test.ts" line="11" assertions="4" />
    <testcase name="runtime-role services are isolated from the edge network" classname="" time="0.01245" file="scripts\check-compose.test.ts" line="24" assertions="10" />
    <testcase name="only egress-proxy and discord-bot attach to edge" classname="" time="0.007647" file="scripts\check-compose.test.ts" line="33" assertions="1" />
    <testcase name="control services use expected networks and stay hardened" classname="" time="0.008798" file="scripts\check-compose.test.ts" line="43" assertions="7" />
    <testcase name="runtime-role services have unique state and worktree volumes" classname="" time="0.006435" file="scripts\check-compose.test.ts" line="60" assertions="2" />
    <testcase name="runChecks detects forbidden environment variables" classname="" time="0.023298" file="scripts\check-compose.test.ts" line="66" assertions="6" />
  </testsuite>
  <testsuite name="scripts\mock-github.test.ts" file="scripts\mock-github.test.ts" tests="1" assertions="4" failures="0" skipped="0" time="0.02" hostname="">
    <testcase name="mock github service supports PR create, list, and merge" classname="" time="0.020752" file="scripts\mock-github.test.ts" line="3" assertions="4" />
  </testsuite>
  <testsuite name="scripts\preflight-live.test.ts" file="scripts\preflight-live.test.ts" tests="7" assertions="24" failures="0" skipped="0" time="0.008" hostname="">
    <testcase name="checkLiveEnv reports missing required bootstrap inputs only" classname="" time="0.005349" file="scripts\preflight-live.test.ts" line="22" assertions="5" />
    <testcase name="checkLiveEnv in file mode drops the GCP project requirement but requires the file path" classname="" time="0.000081" file="scripts\preflight-live.test.ts" line="32" assertions="2" />
    <testcase name="checkLiveEnv warns on plaintext secret env and Discord auto-provisioning" classname="" time="0.000216" file="scripts\preflight-live.test.ts" line="44" assertions="6" />
    <testcase name="requiredSecretIds derives the live Secret Manager manifest" classname="" time="0.000087" file="scripts\preflight-live.test.ts" line="55" assertions="1" />
    <testcase name="runLivePreflight succeeds when env and all required secrets are present" classname="" time="0.000712" file="scripts\preflight-live.test.ts" line="67" assertions="4" />
    <testcase name="runLivePreflight fails closed on missing or empty secrets" classname="" time="0.000336" file="scripts\preflight-live.test.ts" line="78" assertions="3" />
    <testcase name="runLivePreflight supports file-backed secrets without GCLOUD_PROJECT" classname="" time="0.003428" file="scripts\preflight-live.test.ts" line="91" assertions="3" />
  </testsuite>
  <testsuite name="config\validate.test.ts" file="config\validate.test.ts" tests="4" assertions="8" failures="0" skipped="0" time="0.009" hostname="">
    <testcase name="both runtime configs pass every validation check" classname="" time="0.00987" file="config\validate.test.ts" line="4" assertions="1" />
    <testcase name="A/B fairness: identical model id" classname="" time="0.000405" file="config\validate.test.ts" line="10" assertions="1" />
    <testcase name="runtime configs keep only env-referenced provider secrets and no embedded Discord control block" classname="" time="0.000837" file="config\validate.test.ts" line="14" assertions="4" />
    <testcase name="exactly 5 roles in each runtime" classname="" time="0.000365" file="config\validate.test.ts" line="23" assertions="2" />
  </testsuite>
  <testsuite name="secrets\loader.test.ts" file="secrets\loader.test.ts" tests="12" assertions="90" failures="0" skipped="0" time="0.004" hostname="">
    <testcase name="all runtime roles receive only read-only startup github token" classname="" time="0.000576" file="secrets\loader.test.ts" line="38" assertions="10" />
    <testcase name="write roles are eligible for mediated write secret release" classname="" time="0.000307" file="secrets\loader.test.ts" line="47" assertions="6" />
    <testcase name="non-write roles cannot request mediated write secrets" classname="" time="0.000299" file="secrets\loader.test.ts" line="57" assertions="6" />
    <testcase name="runtime roles never receive control-plane secrets" classname="" time="0.000325" file="secrets\loader.test.ts" line="65" assertions="30" />
    <testcase name="control services receive only control-plane secrets" classname="" time="0.000316" file="secrets\loader.test.ts" line="78" assertions="10" />
    <testcase name="missing required secret is a hard failure with sanitized upstream details" classname="" time="0.000344" file="secrets\loader.test.ts" line="96" assertions="2" />
    <testcase name="blank and whitespace-only secret values are rejected" classname="" time="0.000222" file="secrets\loader.test.ts" line="109" assertions="2" />
    <testcase name="generated shared secrets enforce minimum length" classname="" time="0.000197" file="secrets\loader.test.ts" line="119" assertions="2" />
    <testcase name="redact masks every secret value" classname="" time="0.000116" file="secrets\loader.test.ts" line="130" assertions="3" />
    <testcase name="redact masks overlapping secret values longest-first" classname="" time="0.000066" file="secrets\loader.test.ts" line="137" assertions="3" />
    <testcase name="FileSecretSource and secretSourceFromEnv support local file-backed secrets" classname="" time="0.004209" file="secrets\loader.test.ts" line="145" assertions="2" />
    <testcase name="every runtime role requires the OpenAI Codex OAuth key and not the legacy API key, and control services do not require either" classname="" time="0.000399" file="secrets\loader.test.ts" line="157" assertions="14" />
  </testsuite>
  <testsuite name="glue\github-webhook.test.ts" file="glue\github-webhook.test.ts" tests="12" assertions="28" failures="0" skipped="0" time="0" hostname="">
    <testcase name="verifySignature accepts correctly-HMAC&apos;d body and rejects tampered one/secret" classname="" time="0.000239" file="glue\github-webhook.test.ts" line="5" assertions="5" />
    <testcase name="parseWebhook handles pull_request event" classname="" time="0.000345" file="glue\github-webhook.test.ts" line="25" assertions="2" />
    <testcase name="parseWebhook validates pull_request number shape" classname="" time="0.000079" file="glue\github-webhook.test.ts" line="36" assertions="1" />
    <testcase name="parseWebhook handles check_suite conclusion success" classname="" time="0.000054" file="glue\github-webhook.test.ts" line="40" assertions="2" />
    <testcase name="parseWebhook handles check_suite conclusion failure" classname="" time="0.000046" file="glue\github-webhook.test.ts" line="51" assertions="2" />
    <testcase name="parseWebhook handles status success" classname="" time="0.000043" file="glue\github-webhook.test.ts" line="62" assertions="2" />
    <testcase name="parseWebhook handles status pending" classname="" time="0.000051" file="glue\github-webhook.test.ts" line="71" assertions="2" />
    <testcase name="parseWebhook handles status failure" classname="" time="0.000039" file="glue\github-webhook.test.ts" line="80" assertions="2" />
    <testcase name="parseWebhook handles pull_request_review approved and changes requested" classname="" time="0.000085" file="glue\github-webhook.test.ts" line="89" assertions="4" />
    <testcase name="parseWebhook exposes workflowId without a second JSON parse" classname="" time="0.000053" file="glue\github-webhook.test.ts" line="105" assertions="2" />
    <testcase name="parseWebhook rejects truthy-but-not-boolean direct status fields" classname="" time="0.000119" file="glue\github-webhook.test.ts" line="110" assertions="2" />
    <testcase name="parseWebhook accepts strict direct boolean fields" classname="" time="0.000064" file="glue\github-webhook.test.ts" line="115" assertions="2" />
  </testsuite>
  <testsuite name="glue\merge-gate.test.ts" file="glue\merge-gate.test.ts" tests="2" assertions="10" failures="0" skipped="0" time="0" hostname="">
    <testcase name="merge gate allows when all true" classname="" time="0.000073" file="glue\merge-gate.test.ts" line="4" assertions="2" />
    <testcase name="merge gate blocks when each single condition is false" classname="" time="0.000093" file="glue\merge-gate.test.ts" line="14" assertions="8" />
  </testsuite>
  <testsuite name="glue\runtime-dispatch.test.ts" file="glue\runtime-dispatch.test.ts" tests="1" assertions="1" failures="0" skipped="0" time="0" hostname="">
    <testcase name="dispatchStageWork reports contextual error for non-JSON runtime failures" classname="" time="0.000804" file="glue\runtime-dispatch.test.ts" line="5" assertions="1" />
  </testsuite>
  <testsuite name="glue\server.test.ts" file="glue\server.test.ts" tests="21" assertions="61" failures="0" skipped="0" time="0.011" hostname="">
    <testcase name="handleWebhookRequest returns 401 on bad signature" classname="" time="0.003075" file="glue\server.test.ts" line="57" assertions="2" />
    <testcase name="handleWebhookRequest rejects oversized webhook payloads before signature parsing" classname="" time="0.000427" file="glue\server.test.ts" line="81" assertions="1" />
    <testcase name="handleWebhookRequest exposes health without webhook signature" classname="" time="0.000171" file="glue\server.test.ts" line="104" assertions="2" />
    <testcase name="handleWebhookRequest returns 200 on valid pull_request event" classname="" time="0.00124" file="glue\server.test.ts" line="120" assertions="3" />
    <testcase name="handleWebhookRequest rejects non-boolean webhook fields without mutating workflow" classname="" time="0.000656" file="glue\server.test.ts" line="153" assertions="2" />
    <testcase name="validateRuntimeDispatchPayload rejects arbitrary egress and host-control fields" classname="" time="0.000179" file="glue\server.test.ts" line="181" assertions="7" />
    <testcase name="handleControlEventRequest rejects unauthenticated mutations" classname="" time="0.000194" file="glue\server.test.ts" line="206" assertions="1" />
    <testcase name="handleControlEventRequest creates workflows and ignores early approvals" classname="" time="0.000396" file="glue\server.test.ts" line="217" assertions="3" />
    <testcase name="handleControlEventRequest executes approved PR creation through the live write path" classname="" time="0.002181" file="glue\server.test.ts" line="243" assertions="7" />
    <testcase name="handleWebhookRequest executes approved merge through the live write path" classname="" time="0.002134" file="glue\server.test.ts" line="293" assertions="4" />
    <testcase name="config-set through control-event is explicit not-implemented" classname="" time="0.000569" file="glue\server.test.ts" line="337" assertions="1" />
    <testcase name="debug workflows endpoint lists current workflow summaries" classname="" time="0.000721" file="glue\server.test.ts" line="351" assertions="2" />
    <testcase name="handleControlDispatchRequest rejects unauthenticated or unapproved write release" classname="" time="0.002018" file="glue\server.test.ts" line="386" assertions="2" />
    <testcase name="handleControlDispatchRequest releases write secret only for approved matching role/action and consumes approval" classname="" time="0.000443" file="glue\server.test.ts" line="406" assertions="4" />
    <testcase name="handleControlDispatchRequest rejects role/action mismatch" classname="" time="0.000293" file="glue\server.test.ts" line="425" assertions="1" />
    <testcase name="handleControlDispatchRequest binds release to stored workflow runtime stage and readiness" classname="" time="0.000414" file="glue\server.test.ts" line="439" assertions="4" />
    <testcase name="handleControlDispatchRequest refuses merge credential release before CI and review are true" classname="" time="0.000357" file="glue\server.test.ts" line="464" assertions="3" />
    <testcase name="unmatched signed webhook reports non-success body" classname="" time="0.000373" file="glue\server.test.ts" line="484" assertions="3" />
    <testcase name="start throws when required secrets/bootstrap inputs are missing or blank" classname="" time="0.001183" file="glue\server.test.ts" line="508" assertions="3" />
    <testcase name="pruneWorkflowStore evicts stale terminal workflows before active workflows" classname="" time="0.000212" file="glue\server.test.ts" line="531" assertions="3" />
    <testcase name="handleControlEventRequest prunes workflow store after mutations" classname="" time="0.000332" file="glue\server.test.ts" line="561" assertions="3" />
  </testsuite>
  <testsuite name="glue\state-machine.test.ts" file="glue\state-machine.test.ts" tests="10" assertions="48" failures="0" skipped="0" time="0.003" hostname="">
    <testcase name="createWorkflow sets up initial state" classname="" time="0.00345" file="glue\state-machine.test.ts" line="21" assertions="10" />
    <testcase name="advanceStage walks automatic stages until PR creation approval is required" classname="" time="0.000278" file="glue\state-machine.test.ts" line="36" assertions="6" />
    <testcase name="pr-create requires pr.create approval before scheduling review" classname="" time="0.000171" file="glue\state-machine.test.ts" line="52" assertions="3" />
    <testcase name="merge stage blocks and stays awaiting-approval if conditions not met" classname="" time="0.000363" file="glue\state-machine.test.ts" line="62" assertions="6" />
    <testcase name="merge stage merges when CI, review, and pr.merge approval are true" classname="" time="0.000161" file="glue\state-machine.test.ts" line="81" assertions="3" />
    <testcase name="applyEvent sets fields and matching pending action approvals correctly" classname="" time="0.00021" file="glue\state-machine.test.ts" line="94" assertions="8" />
    <testcase name="advanceStage does not resurrect rejected or merged states" classname="" time="0.000159" file="glue\state-machine.test.ts" line="115" assertions="4" />
    <testcase name="legacy approved boolean cannot synthesize merge approvals" classname="" time="0.000117" file="glue\state-machine.test.ts" line="134" assertions="2" />
    <testcase name="applyEvent ignores early approvals before matching pending action" classname="" time="0.000132" file="glue\state-machine.test.ts" line="143" assertions="3" />
    <testcase name="applyEvent does not mutate terminal workflows" classname="" time="0.000157" file="glue\state-machine.test.ts" line="156" assertions="3" />
  </testsuite>
  <testsuite name="glue\write-executor.test.ts" file="glue\write-executor.test.ts" tests="2" assertions="4" failures="0" skipped="0" time="0" hostname="">
    <testcase name="executeApprovedWriteAction reuses an existing open PR for the deterministic head" classname="" time="0.000534" file="glue\write-executor.test.ts" line="5" assertions="3" />
    <testcase name="executeApprovedWriteAction honors custom GitHub API base URL" classname="" time="0.000315" file="glue\write-executor.test.ts" line="39" assertions="1" />
  </testsuite>
  <testsuite name="ops\scripts\capture-knowledge.test.ts" file="ops\scripts\capture-knowledge.test.ts" tests="9" assertions="35" failures="0" skipped="0" time="0.001" hostname="">
    <testcase name="slugify normalizes to kebab-case and keeps 한글" classname="" time="0.00194" file="ops\scripts\capture-knowledge.test.ts" line="57" assertions="2" />
    <testcase name="validateInput requires title/slug/summary" classname="" time="0.000192" file="ops\scripts\capture-knowledge.test.ts" line="63" assertions="3" />
    <testcase name="buildArtifacts emits raw + wiki + log + index content" classname="" time="0.000479" file="ops\scripts\capture-knowledge.test.ts" line="71" assertions="10" />
    <testcase name="applyCapture writes raw, wiki, appends log, inserts index link" classname="" time="0.000765" file="ops\scripts\capture-knowledge.test.ts" line="86" assertions="7" />
    <testcase name="applyCapture preserves existing raw source (immutable)" classname="" time="0.000244" file="ops\scripts\capture-knowledge.test.ts" line="102" assertions="3" />
    <testcase name="applyCapture preserves existing wiki page (LLM-owned)" classname="" time="0.000207" file="ops\scripts\capture-knowledge.test.ts" line="113" assertions="1" />
    <testcase name="applyCapture is idempotent for index link and log line" classname="" time="0.000293" file="ops\scripts\capture-knowledge.test.ts" line="122" assertions="2" />
    <testcase name="parseArgs reads flags and derives slug from title when omitted" classname="" time="0.000196" file="ops\scripts\capture-knowledge.test.ts" line="136" assertions="4" />
    <testcase name="runCapture returns failure result on invalid input" classname="" time="0.000199" file="ops\scripts\capture-knowledge.test.ts" line="154" assertions="3" />
  </testsuite>
  <testsuite name="target-repo\test\ab-dashboard-attribution.test.ts" file="target-repo\test\ab-dashboard-attribution.test.ts" tests="1" assertions="7" failures="0" skipped="0" time="0.005" hostname="">
    <testcase name="JOC Sovereign: A/B Comparison Dashboard Attribution" classname="" time="0.005916" file="target-repo\test\ab-dashboard-attribution.test.ts" line="4" assertions="7" />
  </testsuite>
  <testsuite name="target-repo\test\abort.test.ts" file="target-repo\test\abort.test.ts" tests="1" assertions="3" failures="0" skipped="0" time="0.007" hostname="">
    <testcase name="adapter passes signal to fetch; an aborted signal rejects the call" classname="" time="0.007281" file="target-repo\test\abort.test.ts" line="5" assertions="3" />
  </testsuite>
  <testsuite name="target-repo\test\accurate-token-cache.test.ts" file="target-repo\test\accurate-token-cache.test.ts" tests="5" assertions="20" failures="0" skipped="0" time="1.495" hostname="">
    <testcase name="accurateMessageTokens matches the direct per-message computation" classname="" time="0.329682" file="target-repo\test\accurate-token-cache.test.ts" line="11" assertions="2" />
    <testcase name="accurate cache is partitioned by tokenizer family (no cross-model bleed)" classname="" time="0.690363" file="target-repo\test\accurate-token-cache.test.ts" line="22" assertions="4" />
    <testcase name="accurateHistoryTokens: repeated calls over a growing history stay consistent" classname="" time="0.001338" file="target-repo\test\accurate-token-cache.test.ts" line="34" assertions="10" />
    <testcase name="images add the per-image estimate on top of the text count" classname="" time="0.000895" file="target-repo\test\accurate-token-cache.test.ts" line="47" assertions="1" />
    <testcase name="countTokensAccurate stays consistent for huge texts (memo-skip path)" classname="" time="0.475571" file="target-repo\test\accurate-token-cache.test.ts" line="53" assertions="3" />
  </testsuite>
  <testsuite name="target-repo\test\advanced-analyzer-sovereign.test.ts" file="target-repo\test\advanced-analyzer-sovereign.test.ts" tests="4" assertions="7" failures="0" skipped="0" time="0.062" hostname="">
    <testcase name="runAdvancedAnalysis: detects architectural debt in ModelManager" classname="" time="0.01207" file="target-repo\test\advanced-analyzer-sovereign.test.ts" line="11" assertions="2" />
    <testcase name="runAdvancedAnalysis: verifies architectural integrity when decoupled" classname="" time="0.012868" file="target-repo\test\advanced-analyzer-sovereign.test.ts" line="37" assertions="1" />
    <testcase name="runAdvancedAnalysis: detects decoupling when registered in ModelRegistry (Regex)" classname="" time="0.010794" file="target-repo\test\advanced-analyzer-sovereign.test.ts" line="57" assertions="2" />
    <testcase name="runAdvancedAnalysis: detects decoupling when registered in ModelRegistry" classname="" time="0.028249" file="target-repo\test\advanced-analyzer-sovereign.test.ts" line="74" assertions="2" />
  </testsuite>
  <testsuite name="target-repo\test\advanced-analyzer.test.ts" file="target-repo\test\advanced-analyzer.test.ts" tests="2" assertions="3" failures="0" skipped="0" time="0.014" hostname="">
    <testcase name="runAdvancedAnalysis: detects architectural debt in ModelManager" classname="" time="0.008488" file="target-repo\test\advanced-analyzer.test.ts" line="11" assertions="2" />
    <testcase name="runAdvancedAnalysis: verifies architectural integrity when decoupled" classname="" time="0.006111" file="target-repo\test\advanced-analyzer.test.ts" line="36" assertions="1" />
  </testsuite>
  <testsuite name="target-repo\test\agents-panel-thinking.test.ts" file="target-repo\test\agents-panel-thinking.test.ts" tests="2" assertions="5" failures="0" skipped="0" time="0.011" hostname="">
    <testcase name="agents panel shows per-role thinking: explicit level or (inherit)" classname="" time="0.011129" file="target-repo\test\agents-panel-thinking.test.ts" line="7" assertions="3" />
    <testcase name="agent detail block includes the thinking row (inherit explained)" classname="" time="0.000261" file="target-repo\test\agents-panel-thinking.test.ts" line="20" assertions="2" />
  </testsuite>
  <testsuite name="target-repo\test\animation.test.ts" file="target-repo\test\animation.test.ts" tests="5" assertions="26" failures="0" skipped="0" time="0.006" hostname="">
    <testcase name="stageBlocks returns frames when present, [art] otherwise" classname="" time="0.004992" file="target-repo\test\animation.test.ts" line="14" assertions="2" />
    <testcase name="stageFrame wraps the tick and never out-of-bounds" classname="" time="0.000444" file="target-repo\test\animation.test.ts" line="21" assertions="4" />
    <testcase name="every frame of every stage shares the global width+height when normalized" classname="" time="0.002364" file="target-repo\test\animation.test.ts" line="30" assertions="16" />
    <testcase name="renderAsciiArt frame option selects a distinct animation block" classname="" time="0.000172" file="target-repo\test\animation.test.ts" line="42" assertions="1" />
    <testcase name="animateFrames draws every frame with injected write/sleep, no real delay" classname="" time="0.000577" file="target-repo\test\animation.test.ts" line="49" assertions="3" />
  </testsuite>
  <testsuite name="target-repo\test\ansi-width.test.ts" file="target-repo\test\ansi-width.test.ts" tests="5" assertions="12" failures="0" skipped="0" time="0.003" hostname="">
    <testcase name="truncate plain strings by visible length (unchanged behavior)" classname="" time="0.003835" file="target-repo\test\ansi-width.test.ts" line="5" assertions="3" />
    <testcase name="truncate counts only visible columns of a colored line" classname="" time="0.000223" file="target-repo\test\ansi-width.test.ts" line="11" assertions="3" />
    <testcase name="truncate keeps a colored line intact when it fits" classname="" time="0.000041" file="target-repo\test\ansi-width.test.ts" line="19" assertions="1" />
    <testcase name="truncate never spills a raw escape when cutting a gradient line" classname="" time="0.00048" file="target-repo\test\ansi-width.test.ts" line="24" assertions="3" />
    <testcase name="visibleWidth ignores escapes; matches plain length otherwise" classname="" time="0.000045" file="target-repo\test\ansi-width.test.ts" line="33" assertions="2" />
  </testsuite>
  <testsuite name="target-repo\test\anthropic-stream.test.ts" file="target-repo\test\anthropic-stream.test.ts" tests="4" assertions="13" failures="0" skipped="0" time="0.009" hostname="">
    <testcase name="anthropicAdapter.stream: yields text_delta content, ignores other events" classname="" time="0.009925" file="target-repo\test\anthropic-stream.test.ts" line="15" assertions="2" />
    <testcase name="anthropicAdapter.stream: reports usage ONCE at message_delta (no double-count)" classname="" time="0.000992" file="target-repo\test\anthropic-stream.test.ts" line="44" assertions="2" />
    <testcase name="anthropicAdapter.call: retries once without temperature when the model deprecates it" classname="" time="0.000687" file="target-repo\test\anthropic-stream.test.ts" line="69" assertions="5" />
    <testcase name="anthropicAdapter.stream: retries once without temperature for deprecated models" classname="" time="0.000615" file="target-repo\test\anthropic-stream.test.ts" line="109" assertions="4" />
  </testsuite>
  <testsuite name="target-repo\test\antigravity-login.test.ts" file="target-repo\test\antigravity-login.test.ts" tests="3" assertions="7" failures="0" skipped="0" time="0.003" hostname="">
    <testcase name="antigravityClientSecret uses env override then bundled default" classname="" time="0.002163" file="target-repo\test\antigravity-login.test.ts" line="5" assertions="2" />
    <testcase name="discoverAntigravityProjectId uses Antigravity discovery metadata and user-agent" classname="" time="0.001658" file="target-repo\test\antigravity-login.test.ts" line="10" assertions="3" />
    <testcase name="oauth flow registry exposes a dedicated antigravity login" classname="" time="0.000063" file="target-repo\test\antigravity-login.test.ts" line="30" assertions="2" />
  </testsuite>
  <testsuite name="target-repo\test\antigravity.test.ts" file="target-repo\test\antigravity.test.ts" tests="3" assertions="13" failures="0" skipped="0" time="0" hostname="">
    <testcase name="antigravityRequest: builds Cloud Code Assist internal request with project and model" classname="" time="0.000833" file="target-repo\test\antigravity.test.ts" line="6" assertions="10" />
    <testcase name="antigravityRequest: keeps maxOutputTokens for Claude models" classname="" time="0.000119" file="target-repo\test\antigravity.test.ts" line="29" assertions="2" />
    <testcase name="getAntigravityUserAgent follows Antigravity platform/arch shape" classname="" time="0.000056" file="target-repo\test\antigravity.test.ts" line="39" assertions="1" />
  </testsuite>
  <testsuite name="target-repo\test\approve.test.ts" file="target-repo\test\approve.test.ts" tests="2" assertions="15" failures="0" skipped="0" time="0.067" hostname="">
    <testcase name="approve command: nonexistent plan rejection, validation, and idempotency" classname="" time="0.067298" file="target-repo\test\approve.test.ts" line="9" assertions="12" />
    <testcase name="approve command is registered in CLI runner" classname="" time="0.000141" file="target-repo\test\approve.test.ts" line="146" assertions="3" />
  </testsuite>
  <testsuite name="target-repo\test\architecture-directive.test.ts" file="target-repo\test\architecture-directive.test.ts" tests="1" assertions="6" failures="0" skipped="0" time="0" hostname="">
    <testcase name="Sovereign Architecture: Directive Triggering" classname="" time="0.000375" file="target-repo\test\architecture-directive.test.ts" line="4" assertions="6" />
  </testsuite>
  <testsuite name="target-repo\test\ascii-art.test.ts" file="target-repo\test\ascii-art.test.ts" tests="15" assertions="128" failures="0" skipped="0" time="0.001" hostname="">
    <testcase name="getEvolutionStage / getStageByIndex select + clamp stages" classname="" time="0.001741" file="target-repo\test\ascii-art.test.ts" line="17" assertions="4" />
    <testcase name="renderAsciiArt: height padding yields a uniform block height" classname="" time="0.000748" file="target-repo\test\ascii-art.test.ts" line="24" assertions="5" />
    <testcase name="renderAsciiArt: width normalization gives a clean right edge (color off)" classname="" time="0.000319" file="target-repo\test\ascii-art.test.ts" line="31" assertions="6" />
    <testcase name="renderAsciiArt: color:false emits no ANSI escapes" classname="" time="0.000166" file="target-repo\test\ascii-art.test.ts" line="43" assertions="5" />
    <testcase name="stageCaption returns the bracketed caption for every stage" classname="" time="0.00023" file="target-repo\test\ascii-art.test.ts" line="50" assertions="10" />
    <testcase name="animateAsciiArt: injectable write/sleep, no real delay" classname="" time="0.000552" file="target-repo\test\ascii-art.test.ts" line="58" assertions="3" />
    <testcase name="animateAsciiArt: delayMs 0 never calls sleep" classname="" time="0.000124" file="target-repo\test\ascii-art.test.ts" line="74" assertions="2" />
    <testcase name="stage integrity: every stage has non-empty art and a synced name" classname="" time="0.000292" file="target-repo\test\ascii-art.test.ts" line="89" assertions="20" />
    <testcase name="all stages align to a uniform global width and height when requested" classname="" time="0.000175" file="target-repo\test\ascii-art.test.ts" line="99" assertions="10" />
    <testcase name="primordial cell: unicode art is width-1 per glyph (no smearing on re-center)" classname="" time="0.000341" file="target-repo\test\ascii-art.test.ts" line="109" assertions="16" />
    <testcase name="primordial cell: unicode:false degrades to a tofu-free ASCII fallback" classname="" time="0.000201" file="target-repo\test\ascii-art.test.ts" line="121" assertions="8" />
    <testcase name="DNA_CLAW_ART: lines all width &lt;=24 and uniform after render" classname="" time="0.000291" file="target-repo\test\ascii-art.test.ts" line="138" assertions="12" />
    <testcase name="renderDnaClaw: plain (color:false) is byte-stable across phases" classname="" time="0.000072" file="target-repo\test\ascii-art.test.ts" line="150" assertions="1" />
    <testcase name="renderDnaClaw: two different phases at TrueColor produce different escape sequences" classname="" time="0.000824" file="target-repo\test\ascii-art.test.ts" line="156" assertions="17" />
    <testcase name="renderDnaClaw: ascii fallback contains no non-ASCII chars" classname="" time="0.000071" file="target-repo\test\ascii-art.test.ts" line="168" assertions="9" />
  </testsuite>
  <testsuite name="target-repo\test\autocomplete.test.ts" file="target-repo\test\autocomplete.test.ts" tests="28" assertions="116" failures="0" skipped="0" time="0.002" hostname="">
    <testcase name="tokenize tracks tokens + trailing space" classname="" time="0.00295" file="target-repo\test\autocomplete.test.ts" line="24" assertions="2" />
    <testcase name="non-slash input is not completed" classname="" time="0.000667" file="target-repo\test\autocomplete.test.ts" line="29" assertions="1" />
    <testcase name="@path mentions complete in free-text mode" classname="" time="0.000224" file="target-repo\test\autocomplete.test.ts" line="33" assertions="5" />
    <testcase name="completes the slash command name by prefix" classname="" time="0.000047" file="target-repo\test\autocomplete.test.ts" line="43" assertions="3" />
    <testcase name="completes dynamic skill slash command aliases from context" classname="" time="0.000047" file="target-repo\test\autocomplete.test.ts" line="50" assertions="2" />
    <testcase name="/model completes live models first, then aliases, then catalog" classname="" time="0.000212" file="target-repo\test\autocomplete.test.ts" line="56" assertions="8" />
    <testcase name="/model #N is not completed (numbered pick)" classname="" time="0.000044" file="target-repo\test\autocomplete.test.ts" line="72" assertions="1" />
    <testcase name="/fast completes fast-mode subcommands" classname="" time="0.000073" file="target-repo\test\autocomplete.test.ts" line="76" assertions="3" />
    <testcase name="/provider completes login/auth + names, then that provider&apos;s live models" classname="" time="0.000089" file="target-repo\test\autocomplete.test.ts" line="82" assertions="4" />
    <testcase name="/logout completes cloud provider names" classname="" time="0.000046" file="target-repo\test\autocomplete.test.ts" line="91" assertions="1" />
    <testcase name="/agents and /model subagent complete role ids, models, thinking, and maxSteps keywords" classname="" time="0.00022" file="target-repo\test\autocomplete.test.ts" line="95" assertions="13" />
    <testcase name="/skill completes resolved skill names (bundled + user) from the context" classname="" time="0.000163" file="target-repo\test\autocomplete.test.ts" line="113" assertions="3" />
    <testcase name="/skill: completes GJC-style skill entrypoint names" classname="" time="0.000089" file="target-repo\test\autocomplete.test.ts" line="122" assertions="1" />
    <testcase name="formatCompletionPreview lists argument completions after slash commands" classname="" time="0.000206" file="target-repo\test\autocomplete.test.ts" line="127" assertions="9" />
    <testcase name="formatCompletionPreview shows path suggestions for @mentions" classname="" time="0.000061" file="target-repo\test\autocomplete.test.ts" line="144" assertions="2" />
    <testcase name="formatCompletionPreview stays empty for keyword-only slash probes" classname="" time="0.000089" file="target-repo\test\autocomplete.test.ts" line="150" assertions="2" />
    <testcase name="/roles completes tier then live/catalog models" classname="" time="0.000111" file="target-repo\test\autocomplete.test.ts" line="155" assertions="3" />
    <testcase name="/thinking completes the five levels" classname="" time="0.000106" file="target-repo\test\autocomplete.test.ts" line="162" assertions="2" />
    <testcase name="commonPrefix returns the longest shared prefix" classname="" time="0.000159" file="target-repo\test\autocomplete.test.ts" line="167" assertions="4" />
    <testcase name="readlineCompleter returns [hits, token]; whole line when no hits" classname="" time="0.000135" file="target-repo\test\autocomplete.test.ts" line="174" assertions="3" />
    <testcase name="staticCompletionContext is wired to the real registries" classname="" time="0.00017" file="target-repo\test\autocomplete.test.ts" line="181" assertions="5" />
    <testcase name="/session completes its subcommands" classname="" time="0.000084" file="target-repo\test\autocomplete.test.ts" line="190" assertions="4" />
    <testcase name="/theme completes the bundled theme names" classname="" time="0.000177" file="target-repo\test\autocomplete.test.ts" line="199" assertions="3" />
    <testcase name="/login completes the OAuth-capable cloud providers" classname="" time="0.00008" file="target-repo\test\autocomplete.test.ts" line="206" assertions="3" />
    <testcase name="/export completes format keywords for the first two args" classname="" time="0.000072" file="target-repo\test\autocomplete.test.ts" line="213" assertions="3" />
    <testcase name="staticCompletionContext includes the gjc-parity commands" classname="" time="0.000111" file="target-repo\test\autocomplete.test.ts" line="219" assertions="15" />
    <testcase name="$skill mention completes at any position in the line" classname="" time="0.000111" file="target-repo\test\autocomplete.test.ts" line="226" assertions="6" />
    <testcase name="/command mention completes mid-line against the plugin command list" classname="" time="0.000094" file="target-repo\test\autocomplete.test.ts" line="239" assertions="5" />
  </testsuite>
  <testsuite name="target-repo\test\autopilot-status.test.ts" file="target-repo\test\autopilot-status.test.ts" tests="1" assertions="8" failures="0" skipped="0" time="0.002" hostname="">
    <testcase name="renderAutopilotStatusPanel presents score, attempts, and recommendation as a readable field" classname="" time="0.002954" file="target-repo\test\autopilot-status.test.ts" line="6" assertions="8" />
  </testsuite>
  <testsuite name="target-repo\test\bash-fixups.test.ts" file="target-repo\test\bash-fixups.test.ts" tests="9" assertions="29" failures="0" skipped="0" time="0.086" hostname="">
    <testcase name="applyBashFixups: Rule 1: strip-trailing" classname="" time="0.000514" file="target-repo\test\bash-fixups.test.ts" line="7" assertions="4" />
    <testcase name="applyBashFixups: Rule 2: useless-cat (single-stage only)" classname="" time="0.000107" file="target-repo\test\bash-fixups.test.ts" line="14" assertions="3" />
    <testcase name="applyBashFixups: Rule 2 bails on a downstream pipe/compound (no corruption)" classname="" time="0.000092" file="target-repo\test\bash-fixups.test.ts" line="26" assertions="4" />
    <testcase name="applyBashFixups: Rule 3: dev-null-merge (behavior-identical)" classname="" time="0.000147" file="target-repo\test\bash-fixups.test.ts" line="38" assertions="4" />
    <testcase name="applyBashFixups: stderr is never merged into a pipe (intent-changing rule removed)" classname="" time="0.000081" file="target-repo\test\bash-fixups.test.ts" line="52" assertions="2" />
    <testcase name="applyBashFixups: Rule 4: collapse-dot-slash" classname="" time="0.000079" file="target-repo\test\bash-fixups.test.ts" line="58" assertions="3" />
    <testcase name="applyBashFixups: Rule 5: grep-r-default-path (incl. -R)" classname="" time="0.000123" file="target-repo\test\bash-fixups.test.ts" line="64" assertions="6" />
    <testcase name="applyBashFixups: passthrough; quotes/globs untouched" classname="" time="0.000041" file="target-repo\test\bash-fixups.test.ts" line="73" assertions="1" />
    <testcase name="bashTool respects the JEO_BASH_FIXUPS env flag (off by default)" classname="" time="0.086752" file="target-repo\test\bash-fixups.test.ts" line="78" assertions="2" />
  </testsuite>
  <testsuite name="target-repo\test\capability.test.ts" file="target-repo\test\capability.test.ts" tests="5" assertions="51" failures="0" skipped="0" time="0.003" hostname="">
    <testcase name="supportsUnicode: TERM dumb/linux → false; UTF locale → true" classname="" time="0.003237" file="target-repo\test\capability.test.ts" line="16" assertions="6" />
    <testcase name="ascii fallback tables are length 5 and pure ASCII" classname="" time="0.000229" file="target-repo\test\capability.test.ts" line="25" assertions="36" />
    <testcase name="spinnerFramesFor / meterGlyphsFor switch on unicode flag" classname="" time="0.000142" file="target-repo\test\capability.test.ts" line="37" assertions="4" />
    <testcase name="Spinner honors the unicode:false option" classname="" time="0.000176" file="target-repo\test\capability.test.ts" line="46" assertions="1" />
    <testcase name="meter / evolutionTrack ASCII mode emit no unicode" classname="" time="0.000421" file="target-repo\test\capability.test.ts" line="52" assertions="4" />
  </testsuite>
  <testsuite name="target-repo\test\category-index.test.ts" file="target-repo\test\category-index.test.ts" tests="4" assertions="15" failures="0" skipped="0" time="0.006" hostname="">
    <testcase name="categoryBadge renders stable plain indexes" classname="" time="0.005454" file="target-repo\test\category-index.test.ts" line="7" assertions="2" />
    <testcase name="categoryForTool classifies command, file, diff, search, subagent, and generic tools" classname="" time="0.000143" file="target-repo\test\category-index.test.ts" line="12" assertions="7" />
    <testcase name="ToolList indexed render preserves default but can add category indexes" classname="" time="0.000535" file="target-repo\test\category-index.test.ts" line="22" assertions="2" />
    <testcase name="forge box header is the gjc-style bare title (no badge, no language suffix)" classname="" time="0.001591" file="target-repo\test\category-index.test.ts" line="29" assertions="4" />
  </testsuite>
  <testsuite name="target-repo\test\changelog-sync.test.ts" file="target-repo\test\changelog-sync.test.ts" tests="4" assertions="23" failures="0" skipped="0" time="0.003" hostname="">
    <testcase name="parseChangelogEntries: reads version headers + italic summaries, newest first" classname="" time="0.002552" file="target-repo\test\changelog-sync.test.ts" line="16" assertions="3" />
    <testcase name="renderChangelogBlock: latest N entries, markers + full-history link" classname="" time="0.000264" file="target-repo\test\changelog-sync.test.ts" line="37" assertions="7" />
    <testcase name="injectChangelogBlock: replaces only the marked region, throws when markers absent" classname="" time="0.000179" file="target-repo\test\changelog-sync.test.ts" line="57" assertions="4" />
    <testcase name="drift guard: every README&apos;s changelog region matches the latest 5 from CHANGELOG.md" classname="" time="0.001506" file="target-repo\test\changelog-sync.test.ts" line="66" assertions="9" />
  </testsuite>
  <testsuite name="target-repo\test\chat-flags.test.ts" file="target-repo\test\chat-flags.test.ts" tests="6" assertions="14" failures="0" skipped="0" time="0.005" hostname="">
    <testcase name="parseChatArgs: --model is extracted, not swallowed into the message" classname="" time="0.005336" file="target-repo\test\chat-flags.test.ts" line="8" assertions="2" />
    <testcase name="parseChatArgs: --model= and -m forms" classname="" time="0.00021" file="target-repo\test\chat-flags.test.ts" line="14" assertions="2" />
    <testcase name="parseChatArgs: --thinking extracted alongside model" classname="" time="0.000086" file="target-repo\test\chat-flags.test.ts" line="19" assertions="3" />
    <testcase name="parseChatArgs: --max-tokens is extracted for tiny smoke checks" classname="" time="0.000095" file="target-repo\test\chat-flags.test.ts" line="26" assertions="3" />
    <testcase name="parseChatArgs: --max-tokens space form ignores invalid values" classname="" time="0.000053" file="target-repo\test\chat-flags.test.ts" line="33" assertions="2" />
    <testcase name="parseChatArgs: no flags — message passthrough unchanged" classname="" time="0.00006" file="target-repo\test\chat-flags.test.ts" line="39" assertions="2" />
  </testsuite>
  <testsuite name="target-repo\test\cli-runner.test.ts" file="target-repo\test\cli-runner.test.ts" tests="8" assertions="32" failures="0" skipped="0" time="0.001" hostname="">
    <testcase name="suggestCommands: recovers from common typos" classname="" time="0.001204" file="target-repo\test\cli-runner.test.ts" line="4" assertions="6" />
    <testcase name="findCommand: known commands resolve, unknown returns undefined" classname="" time="0.000086" file="target-repo\test\cli-runner.test.ts" line="13" assertions="3" />
    <testcase name="dispatch: --version prints and returns 0" classname="" time="0.000451" file="target-repo\test\cli-runner.test.ts" line="19" assertions="2" />
    <testcase name="dispatch: --tmux --version and --tmux --help stay global" classname="" time="0.000587" file="target-repo\test\cli-runner.test.ts" line="33" assertions="5" />
    <testcase name="dispatch: unknown command returns 1 and suggests a near match" classname="" time="0.000381" file="target-repo\test\cli-runner.test.ts" line="49" assertions="4" />
    <testcase name="renderHelp lists every command" classname="" time="0.000147" file="target-repo\test\cli-runner.test.ts" line="66" assertions="6" />
    <testcase name="dispatch: per-command --help prints that command&apos;s usage without running it" classname="" time="0.000229" file="target-repo\test\cli-runner.test.ts" line="76" assertions="4" />
    <testcase name="dispatch: unknown command with later --models is not hijacked" classname="" time="0.000337" file="target-repo\test\cli-runner.test.ts" line="93" assertions="2" />
  </testsuite>
  <testsuite name="target-repo\test\code-view.test.ts" file="target-repo\test\code-view.test.ts" tests="13" assertions="54" failures="0" skipped="0" time="0.003" hostname="">
    <testcase name="detectLanguage maps extensions; unknown → &apos;&apos;" classname="" time="0.002916" file="target-repo\test\code-view.test.ts" line="17" assertions="6" />
    <testcase name="parseLineRange handles start-end / start- / start / invalid" classname="" time="0.000294" file="target-repo\test\code-view.test.ts" line="26" assertions="5" />
    <testcase name="sliceLines slices by 1-based range and clamps" classname="" time="0.000161" file="target-repo\test\code-view.test.ts" line="34" assertions="4" />
    <testcase name="formatCodeBlock renders a numbered gutter with the right start line" classname="" time="0.000741" file="target-repo\test\code-view.test.ts" line="43" assertions="4" />
    <testcase name="formatCodeBlock caps at maxLines with an overflow marker" classname="" time="0.000175" file="target-repo\test\code-view.test.ts" line="51" assertions="2" />
    <testcase name="formatCodeBlock marks highlighted lines and truncates to cols" classname="" time="0.000106" file="target-repo\test\code-view.test.ts" line="58" assertions="2" />
    <testcase name="lightHighlightLine dims comments, colors strings, then keywords" classname="" time="0.00041" file="target-repo\test\code-view.test.ts" line="65" assertions="6" />
    <testcase name="formatDiff colors +/-/@@ and is plain when color:false" classname="" time="0.00102" file="target-repo\test\code-view.test.ts" line="81" assertions="4" />
    <testcase name="formatDiff differentiates old/new file headers with distinct ANSI colors" classname="" time="0.000223" file="target-repo\test\code-view.test.ts" line="96" assertions="4" />
    <testcase name="formatDiff caps long diffs" classname="" time="0.00012" file="target-repo\test\code-view.test.ts" line="111" assertions="1" />
    <testcase name="sanitizeForTerminal strips ANSI/C0 controls, CR, and expands tabs" classname="" time="0.000107" file="target-repo\test\code-view.test.ts" line="117" assertions="9" />
    <testcase name="formatCodeBlock neutralizes file-origin escape sequences (no raw ESC leaks)" classname="" time="0.000124" file="target-repo\test\code-view.test.ts" line="130" assertions="5" />
    <testcase name="formatDiff neutralizes file-origin escape sequences" classname="" time="0.00006" file="target-repo\test\code-view.test.ts" line="138" assertions="2" />
  </testsuite>
  <testsuite name="target-repo\test\codex-5-5-validation.test.ts" file="target-repo\test\codex-5-5-validation.test.ts" tests="1" assertions="9" failures="0" skipped="0" time="0.004" hostname="">
    <testcase name="Codex 5.5 (Integration): routes correctly and handles OAuth backend" classname="" time="0.004491" file="target-repo\test\codex-5-5-validation.test.ts" line="6" assertions="9" />
  </testsuite>
  <testsuite name="target-repo\test\codex-responses.test.ts" file="target-repo\test\codex-responses.test.ts" tests="4" assertions="7" failures="0" skipped="0" time="0.003" hostname="">
    <testcase name="codexResponsesRequest: forwards reasoningEffort as reasoning.effort" classname="" time="0.003937" file="target-repo\test\codex-responses.test.ts" line="6" assertions="2" />
    <testcase name="codexResponsesRequest: drops out-of-enum reasoningEffort instead of forwarding it" classname="" time="0.000086" file="target-repo\test\codex-responses.test.ts" line="18" assertions="1" />
    <testcase name="parseResponsesEvent: captures usage on response.incomplete (not just completed)" classname="" time="0.000241" file="target-repo\test\codex-responses.test.ts" line="25" assertions="2" />
    <testcase name="parseResponsesEvent: delta + error events still parse" classname="" time="0.000063" file="target-repo\test\codex-responses.test.ts" line="37" assertions="2" />
  </testsuite>
  <testsuite name="target-repo\test\color.test.ts" file="target-repo\test\color.test.ts" tests="9" assertions="50" failures="0" skipped="0" time="0" hostname="">
    <testcase name="stripAnsi / visibleWidth ignore SGR escapes" classname="" time="0.000078" file="target-repo\test\color.test.ts" line="18" assertions="3" />
    <testcase name="detectColorLevel honors NO_COLOR / FORCE_COLOR / COLORTERM / TERM" classname="" time="0.000332" file="target-repo\test\color.test.ts" line="25" assertions="11" />
    <testcase name="detectAppearance honors COLORFGBG environment variable and falls back" classname="" time="0.00037" file="target-repo\test\color.test.ts" line="38" assertions="12" />
    <testcase name="hexToRgb parses #rrggbb and #rgb; bad input → black" classname="" time="0.00011" file="target-repo\test\color.test.ts" line="66" assertions="3" />
    <testcase name="lerpColor + gradientStops span the endpoints" classname="" time="0.000104" file="target-repo\test\color.test.ts" line="72" assertions="7" />
    <testcase name="rgb→ansi256 / ansi16 quantize sensibly" classname="" time="0.000237" file="target-repo\test\color.test.ts" line="85" assertions="4" />
    <testcase name="applyGradient emits truecolor escapes and downgrades to plain at None" classname="" time="0.000138" file="target-repo\test\color.test.ts" line="92" assertions="5" />
    <testcase name="applyGradient leaves spaces unpainted but counted" classname="" time="0.000066" file="target-repo\test\color.test.ts" line="105" assertions="2" />
    <testcase name="renderAsciiArt gradient option paints art and preserves visible width" classname="" time="0.000697" file="target-repo\test\color.test.ts" line="112" assertions="3" />
  </testsuite>
  <testsuite name="target-repo\test\compaction-touched-files.test.ts" file="target-repo\test\compaction-touched-files.test.ts" tests="4" assertions="8" failures="0" skipped="0" time="0.008" hostname="">
    <testcase name="extractTouchedFiles parses write/edit tool calls, dedupes, ignores reads" classname="" time="0.006311" file="target-repo\test\compaction-touched-files.test.ts" line="8" assertions="1" />
    <testcase name="maybeCompact pins the touched-file list into the summary prompt" classname="" time="0.002466" file="target-repo\test\compaction-touched-files.test.ts" line="19" assertions="3" />
    <testcase name="extractTouchedFiles also captures conservative bash mutation mentions" classname="" time="0.000202" file="target-repo\test\compaction-touched-files.test.ts" line="46" assertions="1" />
    <testcase name="maybeCompact surfaces touchedFiles and prepends a Files touched: header" classname="" time="0.000928" file="target-repo\test\compaction-touched-files.test.ts" line="56" assertions="3" />
  </testsuite>
  <testsuite name="target-repo\test\compaction.test.ts" file="target-repo\test\compaction.test.ts" tests="15" assertions="83" failures="0" skipped="0" time="0.852" hostname="">
    <testcase name="maybeCompact: below threshold with default opts" classname="" time="0.0011" file="target-repo\test\compaction.test.ts" line="28" assertions="2" />
    <testcase name="maybeCompact: below threshold with system message" classname="" time="0.000702" file="target-repo\test\compaction.test.ts" line="40" assertions="2" />
    <testcase name="maybeCompact: above threshold with system message" classname="" time="0.000655" file="target-repo\test\compaction.test.ts" line="51" assertions="13" />
    <testcase name="maybeCompact: above threshold without system message" classname="" time="0.000474" file="target-repo\test\compaction.test.ts" line="97" assertions="5" />
    <testcase name="maybeCompact: persistent summarizer failure retries then keeps recent verbatim (no placeholder)" classname="" time="0.620051" file="target-repo\test\compaction.test.ts" line="127" assertions="15" />
    <testcase name="maybeCompact: force lowers the trigger floor for a small history" classname="" time="0.003173" file="target-repo\test\compaction.test.ts" line="167" assertions="5" />
    <testcase name="maybeCompact: compacts short histories when pasted content exceeds the char budget" classname="" time="0.000424" file="target-repo\test\compaction.test.ts" line="181" assertions="6" />
    <testcase name="maybeCompact: caps the summarizer input so compaction cannot create a huge prompt" classname="" time="0.000434" file="target-repo\test\compaction.test.ts" line="201" assertions="6" />
    <testcase name="maybeCompact: truncates oversized generated summaries before reinserting" classname="" time="0.000384" file="target-repo\test\compaction.test.ts" line="226" assertions="5" />
    <testcase name="maybeCompact: force does NOT shred recent message content (regression for force-floor bug)" classname="" time="0.000681" file="target-repo\test\compaction.test.ts" line="248" assertions="7" />
    <testcase name="maybeCompact: repeated force-compact on already-compacted history is a no-op" classname="" time="0.000697" file="target-repo\test\compaction.test.ts" line="269" assertions="5" />
    <testcase name="maybeCompact: truncates oversized recent messages so char-budget compaction converges" classname="" time="0.001478" file="target-repo\test\compaction.test.ts" line="292" assertions="5" />
    <testcase name="maybeCompact: CJK heavy history triggers compaction earlier than ASCII (token estimator check)" classname="" time="0.156865" file="target-repo\test\compaction.test.ts" line="310" assertions="2" />
    <testcase name="maybeCompact: system prompt size is included in token budget" classname="" time="0.071898" file="target-repo\test\compaction.test.ts" line="335" assertions="2" />
    <testcase name="maybeCompact: an aborted signal is a clean no-op — history is not mutated" classname="" time="0.000404" file="target-repo\test\compaction.test.ts" line="357" assertions="3" />
  </testsuite>
  <testsuite name="target-repo\test\config-panel.test.ts" file="target-repo\test\config-panel.test.ts" tests="14" assertions="54" failures="0" skipped="0" time="0.009" hostname="">
    <testcase name="formatModelLine shows alias expansion, provider, and credential mark" classname="" time="0.004133" file="target-repo\test\config-panel.test.ts" line="22" assertions="4" />
    <testcase name="formatAliasLines sorts by alias and pads" classname="" time="0.001354" file="target-repo\test\config-panel.test.ts" line="33" assertions="3" />
    <testcase name="formatProviderPanel marks ready vs not and shows base URL" classname="" time="0.000422" file="target-repo\test\config-panel.test.ts" line="40" assertions="5" />
    <testcase name="formatAgentsPanel lists roles with resolved model/steps and read-only tag" classname="" time="0.000221" file="target-repo\test\config-panel.test.ts" line="53" assertions="3" />
    <testcase name="formatAgentDetail reports mutation capability" classname="" time="0.000338" file="target-repo\test\config-panel.test.ts" line="60" assertions="2" />
    <testcase name="formatConfigPanel includes model, thinking, and conditional fields" classname="" time="0.000207" file="target-repo\test\config-panel.test.ts" line="67" assertions="5" />
    <testcase name="formatLiveModels groups by provider, marks current, surfaces errors" classname="" time="0.000315" file="target-repo\test\config-panel.test.ts" line="92" assertions="5" />
    <testcase name="formatLiveModels caps per-provider and shows overflow" classname="" time="0.000229" file="target-repo\test\config-panel.test.ts" line="103" assertions="1" />
    <testcase name="formatLiveModels with nothing usable hints at login" classname="" time="0.000058" file="target-repo\test\config-panel.test.ts" line="111" assertions="1" />
    <testcase name="liveModelKnown matches only ok provider lists" classname="" time="0.000104" file="target-repo\test\config-panel.test.ts" line="116" assertions="3" />
    <testcase name="formatPickList numbers each model and marks the current one" classname="" time="0.000342" file="target-repo\test\config-panel.test.ts" line="122" assertions="6" />
    <testcase name="formatPickList empty → login hint, and caps with overflow" classname="" time="0.004171" file="target-repo\test\config-panel.test.ts" line="136" assertions="2" />
    <testcase name="formatPickListWithCapabilities numbers live models with capability columns" classname="" time="0.000982" file="target-repo\test\config-panel.test.ts" line="143" assertions="7" />
    <testcase name="formatCanonicalCatalogTable renders GJC-style canonical rows" classname="" time="0.000562" file="target-repo\test\config-panel.test.ts" line="158" assertions="7" />
  </testsuite>
  <testsuite name="target-repo\test\config-save.test.ts" file="target-repo\test\config-save.test.ts" tests="8" assertions="10" failures="7" skipped="0" time="0.021" hostname="">
    <testcase name="saveConfigPatch never bakes env-only values (OAuth token / JEO_DEFAULT_MODEL / role tiers) into config.json" classname="" time="0.004668" file="target-repo\test\config-save.test.ts" line="36" assertions="0">
      <failure type="AssertionError" />
    </testcase>
    <testcase name="saveConfigPatch builds the patch from the RAW on-disk config, not the env overlay" classname="" time="0.002812" file="target-repo\test\config-save.test.ts" line="54" assertions="1">
      <failure type="AssertionError" />
    </testcase>
    <testcase name="auth storage setters persist onto the RAW config — no env-only values baked in" classname="" time="0.002185" file="target-repo\test\config-save.test.ts" line="69" assertions="0">
      <failure type="AssertionError" />
    </testcase>
    <testcase name="readGlobalConfig overlays env API keys onto providers when a config file exists (env fills gaps)" classname="" time="0.002295" file="target-repo\test\config-save.test.ts" line="84" assertions="1">
      <failure type="AssertionError" />
    </testcase>
    <testcase name="readGlobalConfig: on-disk provider key wins over the env key (env never overrides disk)" classname="" time="0.002347" file="target-repo\test\config-save.test.ts" line="97" assertions="1">
      <failure type="AssertionError" />
    </testcase>
    <testcase name="saveConfigPatch on a fresh install bakes the runtime default model, not a divergent one" classname="" time="0.0017" file="target-repo\test\config-save.test.ts" line="107" assertions="0">
      <failure type="AssertionError" />
    </testcase>
    <testcase name="readGlobalConfig treats blank on-disk provider keys as env-fillable gaps" classname="" time="0.005311" file="target-repo\test\config-save.test.ts" line="118" assertions="1">
      <failure type="AssertionError" />
    </testcase>
    <testcase name="saveGlobalConfig writes to a temp file first and then atomically renames to config.json" classname="" time="0.003701" file="target-repo\test\config-save.test.ts" line="127" assertions="6" />
  </testsuite>
  <testsuite name="target-repo\test\config-schema.test.ts" file="target-repo\test\config-schema.test.ts" tests="7" assertions="17" failures="2" skipped="0" time="0.019" hostname="">
    <testcase name="parseConfig: accepts a well-formed config (incl. extra passthrough keys)" classname="" time="0.012323" file="target-repo\test\config-schema.test.ts" line="8" assertions="2" />
    <testcase name="parseConfig: rejects wrong types with a located message" classname="" time="0.000568" file="target-repo\test\config-schema.test.ts" line="21" assertions="4" />
    <testcase name="parseConfig: accepts a retry budget block (gjc parity)" classname="" time="0.000371" file="target-repo\test\config-schema.test.ts" line="31" assertions="2" />
    <testcase name="parseConfig: rejects a negative retry budget" classname="" time="0.000342" file="target-repo\test\config-schema.test.ts" line="40" assertions="2" />
    <testcase name="readGlobalConfig: falls back to defaults when on-disk config is invalid" classname="" time="0.001926" file="target-repo\test\config-schema.test.ts" line="52" assertions="2">
      <failure type="AssertionError" />
    </testcase>
    <testcase name="readGlobalConfig: loads a valid on-disk config" classname="" time="0.00571" file="target-repo\test\config-schema.test.ts" line="64" assertions="1">
      <failure type="AssertionError" />
    </testcase>
    <testcase name="parseConfig: accepts valid subagents config and rejects invalid provider" classname="" time="0.001214" file="target-repo\test\config-schema.test.ts" line="73" assertions="4" />
  </testsuite>
  <testsuite name="target-repo\test\context-files.test.ts" file="target-repo\test\context-files.test.ts" tests="16" assertions="65" failures="0" skipped="0" time="0.528" hostname="">
    <testcase name="loadProjectContext returns empty array and withProjectContext returns prompt unchanged when no files exist" classname="" time="0.039798" file="target-repo\test\context-files.test.ts" line="27" assertions="2" />
    <testcase name="loadProjectContext loads AGENTS.md with correct relative path and content" classname="" time="0.017168" file="target-repo\test\context-files.test.ts" line="41" assertions="8" />
    <testcase name="loadProjectContext returns multiple files in priority order" classname="" time="0.029895" file="target-repo\test\context-files.test.ts" line="67" assertions="8" />
    <testcase name="loadProjectContext handles truncation of files larger than 16000 characters" classname="" time="0.02501" file="target-repo\test\context-files.test.ts" line="111" assertions="5" />
    <testcase name="loadProjectContext ignores directories and empty files" classname="" time="0.015836" file="target-repo\test\context-files.test.ts" line="130" assertions="3" />
    <testcase name="loadProjectContext loads bounded .agents rule and hook guidance after root context" classname="" time="0.023101" file="target-repo\test\context-files.test.ts" line="149" assertions="3" />
    <testcase name="loadProjectContext reserves guidance budget so large root files do not crowd out .agents rules" classname="" time="0.085567" file="target-repo\test\context-files.test.ts" line="172" assertions="3" />
    <testcase name="loadProjectContext also scans global ~/.agents guidance files" classname="" time="0.038986" file="target-repo\test\context-files.test.ts" line="191" assertions="2" />
    <testcase name="loadProjectContext walks up to parent to find AGENTS.md, JEO.md, CLAUDE.md" classname="" time="0.033913" file="target-repo\test\context-files.test.ts" line="211" assertions="4" />
    <testcase name="loadProjectContext stops parent walk at git root" classname="" time="0.045031" file="target-repo\test\context-files.test.ts" line="238" assertions="2" />
    <testcase name="loadProjectContext stops parent walk at $HOME and excludes $HOME itself" classname="" time="0.023995" file="target-repo\test\context-files.test.ts" line="265" assertions="2" />
    <testcase name="loadProjectContext recursively scans down for nested AGENTS.md up to depth 3 and respects IGNORED_DIRS" classname="" time="0.032039" file="target-repo\test\context-files.test.ts" line="293" assertions="6" />
    <testcase name="loadProjectContext prioritizes closer and deeper files when budget is exceeded" classname="" time="0.060338" file="target-repo\test\context-files.test.ts" line="329" assertions="6" />
    <testcase name="loadProjectContext discovers root + nested AGENTS.md + .agents/rules guidance in stable order (single-pass parity)" classname="" time="0.023563" file="target-repo\test\context-files.test.ts" line="375" assertions="5" />
    <testcase name="loadProjectContext caches the downward scan; invalidateWorkspaceScan forces a fresh walk" classname="" time="0.025946" file="target-repo\test\context-files.test.ts" line="405" assertions="3" />
[...]
    <testcase name="Renderer.insertAbove flushes static text and forces a full repaint next render" classname="" time="0.000153" file="target-repo\test\tui-renderer.test.ts" line="83" assertions="5" />
    <testcase name="Renderer.insertAbove leaves no ED anywhere in the flush+repaint cycle (reserve mode)" classname="" time="0.000118" file="target-repo\test\tui-renderer.test.ts" line="102" assertions="1" />
    <testcase name="Renderer.clear in reserve mode EL-walks the frame instead of ED-clearing" classname="" time="0.000113" file="target-repo\test\tui-renderer.test.ts" line="111" assertions="2" />
    <testcase name="Renderer.clear without reserve keeps the ED fast path (alt-screen/non-TTY)" classname="" time="0.000128" file="target-repo\test\tui-renderer.test.ts" line="122" assertions="1" />
    <testcase name="Renderer insertAbove opens a synchronized update; next render closes it" classname="" time="0.000186" file="target-repo\test\tui-renderer.test.ts" line="131" assertions="5" />
    <testcase name="Renderer clear() closes a dangling synchronized update" classname="" time="0.000117" file="target-repo\test\tui-renderer.test.ts" line="153" assertions="1" />
    <testcase name="Renderer reserve mode: shrinking frames reserve nothing and clear removed rows" classname="" time="0.000125" file="target-repo\test\tui-renderer.test.ts" line="162" assertions="2" />
    <testcase name="Renderer reserve mode: growth after insertAbove re-reserves the full frame" classname="" time="0.000126" file="target-repo\test\tui-renderer.test.ts" line="174" assertions="2" />
    <testcase name="Renderer reserve mode: frames taller than the viewport are not reserved" classname="" time="0.000204" file="target-repo\test\tui-renderer.test.ts" line="186" assertions="1" />
    <testcase name="Renderer insertAbove eagerly EL-clears the old frame&apos;s uncovered rows (no margin desync)" classname="" time="0.000196" file="target-repo\test\tui-renderer.test.ts" line="194" assertions="4" />
  </testsuite>
  <testsuite name="target-repo\test\tui-welcome.test.ts" file="target-repo\test\tui-welcome.test.ts" tests="12" assertions="135" failures="0" skipped="0" time="0.007" hostname="">
    <testcase name="box has top/bottom borders and title with version" classname="" time="0.005954" file="target-repo\test\tui-welcome.test.ts" line="6" assertions="7" />
    <testcase name="box borders with unicode: false" classname="" time="0.000397" file="target-repo\test\tui-welcome.test.ts" line="29" assertions="4" />
    <testcase name="every line has equal visible width" classname="" time="0.000884" file="target-repo\test\tui-welcome.test.ts" line="47" assertions="22" />
    <testcase name="hero column: brand, tagline, grand DNA Claw symbol, centered" classname="" time="0.002908" file="target-repo\test\tui-welcome.test.ts" line="73" assertions="3" />
    <testcase name="model + provider pills present" classname="" time="0.000338" file="target-repo\test\tui-welcome.test.ts" line="89" assertions="2" />
    <testcase name="provider pill omitted when missing" classname="" time="0.000243" file="target-repo\test\tui-welcome.test.ts" line="103" assertions="2" />
    <testcase name="workspace / session details no longer render inside the hero box (gjc parity)" classname="" time="0.000279" file="target-repo\test\tui-welcome.test.ts" line="116" assertions="4" />
    <testcase name="an overlong model pill truncates instead of breaking the border" classname="" time="0.00022" file="target-repo\test\tui-welcome.test.ts" line="133" assertions="22" />
    <testcase name="narrow box falls back to the compact DNA Claw symbol" classname="" time="0.000152" file="target-repo\test\tui-welcome.test.ts" line="150" assertions="2" />
    <testcase name="narrow cols (&lt;30) -&gt; single-line fallback" classname="" time="0.000059" file="target-repo\test\tui-welcome.test.ts" line="163" assertions="1" />
    <testcase name="color:false emits no ANSI" classname="" time="0.000259" file="target-repo\test\tui-welcome.test.ts" line="175" assertions="22" />
    <testcase name="two-tone depth: lit top/left edges vs shaded bottom/right edges" classname="" time="0.000468" file="target-repo\test\tui-welcome.test.ts" line="196" assertions="44" />
  </testsuite>
  <testsuite name="target-repo\test\update-box.test.ts" file="target-repo\test\update-box.test.ts" tests="8" assertions="21" failures="0" skipped="0" time="0.003" hostname="">
    <testcase name="checkForUpdate - updateAvailable:true on higher version" classname="" time="0.003582" file="target-repo\test\update-box.test.ts" line="8" assertions="1" />
    <testcase name="checkForUpdate - updateAvailable:false on equal version" classname="" time="0.000162" file="target-repo\test\update-box.test.ts" line="21" assertions="1" />
    <testcase name="checkForUpdate - updateAvailable:false on lower version" classname="" time="0.000352" file="target-repo\test\update-box.test.ts" line="34" assertions="1" />
    <testcase name="checkForUpdate - null when fetchJson throws" classname="" time="0.000313" file="target-repo\test\update-box.test.ts" line="47" assertions="1" />
    <testcase name="checkForUpdate - null when payload is malformed" classname="" time="0.000523" file="target-repo\test\update-box.test.ts" line="58" assertions="2" />
    <testcase name="renderUpdateBox - field content" classname="" time="0.000211" file="target-repo\test\update-box.test.ts" line="74" assertions="4" />
    <testcase name="renderUpdateBox - equal field widths" classname="" time="0.000194" file="target-repo\test\update-box.test.ts" line="86" assertions="7" />
    <testcase name="renderUpdateBox - color:false has no ANSI" classname="" time="0.000092" file="target-repo\test\update-box.test.ts" line="102" assertions="4" />
  </testsuite>
  <testsuite name="target-repo\test\update-command.test.ts" file="target-repo\test\update-command.test.ts" tests="17" assertions="52" failures="0" skipped="0" time="0" hostname="">
    <testcase name="compareVersions - edge cases" classname="" time="0.000272" file="target-repo\test\update-command.test.ts" line="35" assertions="10" />
    <testcase name="update - up-to-date path" classname="" time="0.00097" file="target-repo\test\update-command.test.ts" line="48" assertions="2" />
    <testcase name="update - newer-available prints upgrade hint" classname="" time="0.000207" file="target-repo\test\update-command.test.ts" line="61" assertions="3" />
    <testcase name="update - 404 friendly" classname="" time="0.000393" file="target-repo\test\update-command.test.ts" line="75" assertions="2" />
    <testcase name="update - network error warns exit 0" classname="" time="0.000275" file="target-repo\test\update-command.test.ts" line="92" assertions="2" />
    <testcase name="update - network error with --strict exitCode 1" classname="" time="0.000219" file="target-repo\test\update-command.test.ts" line="107" assertions="2" />
    <testcase name="update - --install skips when already current" classname="" time="0.000226" file="target-repo\test\update-command.test.ts" line="122" assertions="3" />
    <testcase name="update - --install triggers when newer and succeeds" classname="" time="0.00022" file="target-repo\test\update-command.test.ts" line="140" assertions="3" />
    <testcase name="update - --install triggers when newer and fails" classname="" time="0.000423" file="target-repo\test\update-command.test.ts" line="158" assertions="3" />
    <testcase name="update - --json shape (up-to-date)" classname="" time="0.000282" file="target-repo\test\update-command.test.ts" line="176" assertions="3" />
    <testcase name="update - --json shape (newer available)" classname="" time="0.000258" file="target-repo\test\update-command.test.ts" line="195" assertions="3" />
    <testcase name="update - --json shape (--install)" classname="" time="0.000334" file="target-repo\test\update-command.test.ts" line="214" assertions="3" />
    <testcase name="update - --json shape (404 friendly)" classname="" time="0.000328" file="target-repo\test\update-command.test.ts" line="234" assertions="3" />
    <testcase name="update - --json shape (network failure)" classname="" time="0.000361" file="target-repo\test\update-command.test.ts" line="258" assertions="3" />
    <testcase name="update - --json shape (network failure --strict)" classname="" time="0.000302" file="target-repo\test\update-command.test.ts" line="280" assertions="3" />
    <testcase name="update - unknown flag exitCode 1" classname="" time="0.000267" file="target-repo\test\update-command.test.ts" line="302" assertions="2" />
    <testcase name="update - --help" classname="" time="0.000283" file="target-repo\test\update-command.test.ts" line="315" assertions="2" />
  </testsuite>
  <testsuite name="target-repo\test\usage.test.ts" file="target-repo\test\usage.test.ts" tests="3" assertions="6" failures="0" skipped="0" time="0.003" hostname="">
    <testcase name="ollamaAdapter.call: reports token usage via onUsage" classname="" time="0.003276" file="target-repo\test\usage.test.ts" line="5" assertions="2" />
    <testcase name="openaiAdapter.call: reports usage" classname="" time="0.000803" file="target-repo\test\usage.test.ts" line="25" assertions="2" />
    <testcase name="anthropicAdapter.call: reports usage" classname="" time="0.000566" file="target-repo\test\usage.test.ts" line="38" assertions="2" />
  </testsuite>
  <testsuite name="target-repo\test\web-search.test.ts" file="target-repo\test\web-search.test.ts" tests="14" assertions="43" failures="0" skipped="3" time="1.227" hostname="">
    <testcase name="resolveSearchChain: DuckDuckGo is ALWAYS the terminal fallback" classname="" time="0.000766" file="target-repo\test\web-search.test.ts" line="43" assertions="1" />
    <testcase name="resolveSearchChain: active anthropic model + credentials → anthropic primary, ddg fallback" classname="" time="0" file="target-repo\test\web-search.test.ts" line="51" assertions="0">
      <skipped />
    </testcase>
    <testcase name="resolveSearchChain: model providers without a native search fall through to ddg" classname="" time="0.000643" file="target-repo\test\web-search.test.ts" line="55" assertions="1" />
    <testcase name="resolveSearchChain: explicit JEO_SEARCH_PROVIDER override wins over the model gate" classname="" time="0" file="target-repo\test\web-search.test.ts" line="64" assertions="0">
      <skipped />
    </testcase>
    <testcase name="resolveSearchChain: preferred provider without credentials is skipped (no dead primary)" classname="" time="0.000446" file="target-repo\test\web-search.test.ts" line="68" assertions="1" />
    <testcase name="parseHtmlResults: unwraps uddg redirects, decodes entities, pairs snippets" classname="" time="0.000819" file="target-repo\test\web-search.test.ts" line="91" assertions="1" />
    <testcase name="parseLiteResults: parses the lite endpoint markup" classname="" time="0.000298" file="target-repo\test\web-search.test.ts" line="99" assertions="1" />
    <testcase name="decodeResultUrl: drops internal/unsafe links, unwraps redirects" classname="" time="0.000274" file="target-repo\test\web-search.test.ts" line="104" assertions="5" />
    <testcase name="parseAnthropicSearchResponse: maps content blocks into the unified shape" classname="" time="0.000454" file="target-repo\test\web-search.test.ts" line="135" assertions="9" />
    <testcase name="formatWebSearchOutput: gjc card sections with a DYNAMIC provider label" classname="" time="0.000644" file="target-repo\test\web-search.test.ts" line="152" assertions="12" />
    <testcase name="webSearchTool: primary provider failure fails over to DuckDuckGo (live data, not mock)" classname="" time="0" file="target-repo\test\web-search.test.ts" line="178" assertions="0">
      <skipped />
    </testcase>
    <testcase name="webSearchTool: every provider failing surfaces an explicit aggregated error" classname="" time="1.224788" file="target-repo\test\web-search.test.ts" line="182" assertions="3" />
    <testcase name="webSearchTool: empty query is rejected before any network call" classname="" time="0.002329" file="target-repo\test\web-search.test.ts" line="197" assertions="2" />
    <testcase name="webSearchCardLines: rebuilds the gjc card sections from structured output" classname="" time="0.001297" file="target-repo\test\web-search.test.ts" line="205" assertions="7" />
  </testsuite>
  <testsuite name="target-repo\test\width.test.ts" file="target-repo\test\width.test.ts" tests="5" assertions="26" failures="0" skipped="0" time="0" hostname="">
    <testcase name="charWidth: wide / narrow / zero-width classes" classname="" time="0.000132" file="target-repo\test\width.test.ts" line="4" assertions="7" />
    <testcase name="visibleWidth: CJK counts 2, ANSI counts 0, tabs advance to 8-stop" classname="" time="0.000097" file="target-repo\test\width.test.ts" line="14" assertions="7" />
    <testcase name="truncateToWidth: wide glyph straddling the boundary is dropped whole" classname="" time="0.000059" file="target-repo\test\width.test.ts" line="24" assertions="5" />
    <testcase name="truncateToWidth: SGR preserved and reset appended on mid-color cut" classname="" time="0.000053" file="target-repo\test\width.test.ts" line="33" assertions="4" />
    <testcase name="wrapTextWithAnsi: hard-wraps by display width, keeps newlines" classname="" time="0.000092" file="target-repo\test\width.test.ts" line="41" assertions="3" />
  </testsuite>
  <testsuite name="target-repo\test\workflow-integrity.test.ts" file="target-repo\test\workflow-integrity.test.ts" tests="12" assertions="50" failures="0" skipped="0" time="0.539" hostname="">
    <testcase name="team: stale state from a previous plan restarts execution instead of no-opping (round-7 #1)" classname="" time="0.087209" file="target-repo\test\workflow-integrity.test.ts" line="56" assertions="6" />
    <testcase name="team: same-plan state still resumes (no spurious restart)" classname="" time="0.058389" file="target-repo\test\workflow-integrity.test.ts" line="90" assertions="3" />
    <testcase name="ultragoal: suite runs ONCE; criteria are UNVERIFIED, never fabricated PASS (round-7 #2)" classname="" time="0.045493" file="target-repo\test\workflow-integrity.test.ts" line="132" assertions="6" />
    <testcase name="ultragoal: a red suite fails the run and the criteria record says FAILED" classname="" time="0.036238" file="target-repo\test\workflow-integrity.test.ts" line="157" assertions="4" />
    <testcase name="acquireWorkflowRunLock: live holder refuses, release reopens, dead-pid lock is taken over" classname="" time="0.027583" file="target-repo\test\workflow-integrity.test.ts" line="178" assertions="2" />
    <testcase name="team: a failed task persists a marker; the next run warns about partial edits" classname="" time="0.103859" file="target-repo\test\workflow-integrity.test.ts" line="199" assertions="7" />
    <testcase name="task-tool: an executor that &apos;completes&apos; with zero successful mutations gets a parent audit note" classname="" time="0.027311" file="target-repo\test\workflow-integrity.test.ts" line="225" assertions="4" />
    <testcase name="ralplan: refuses to mark complete when no pass yields a schema/role-valid plan" classname="" time="0.045562" file="target-repo\test\workflow-integrity.test.ts" line="246" assertions="4" />
    <testcase name="ralplan: a valid plan + critic [OKAY] completes with the verdict persisted" classname="" time="0.03846" file="target-repo\test\workflow-integrity.test.ts" line="264" assertions="3" />
    <testcase name="ralplan: critic [REJECT] blocks completion and persists the verdict (round-11)" classname="" time="0.03354" file="target-repo\test\workflow-integrity.test.ts" line="285" assertions="5" />
    <testcase name="approve: refuses a plan without an [OKAY] consensus verdict (round-11)" classname="" time="0.021788" file="target-repo\test\workflow-integrity.test.ts" line="306" assertions="3" />
    <testcase name="approve: refuses a plan that team would reject (unknown role / malformed)" classname="" time="0.019675" file="target-repo\test\workflow-integrity.test.ts" line="342" assertions="3" />
  </testsuite>
  <testsuite name="target-repo\test\worktree.test.ts" file="target-repo\test\worktree.test.ts" tests="5" assertions="13" failures="0" skipped="0" time="0.668" hostname="">
    <testcase name="dispatch routes a bare leading --flag to launch (not &apos;unknown command&apos;)" classname="" time="0.04247" file="target-repo\test\worktree.test.ts" line="24" assertions="3" />
    <testcase name="dispatch still handles --version without routing to launch" classname="" time="0.000268" file="target-repo\test\worktree.test.ts" line="41" assertions="2" />
    <testcase name="dispatch reports unknown subcommands (non-flag) as before" classname="" time="0.000625" file="target-repo\test\worktree.test.ts" line="47" assertions="2" />
    <testcase name="--worktree reuses an existing directory and chdirs into it" classname="" time="0.037655" file="target-repo\test\worktree.test.ts" line="53" assertions="2" />
    <testcase name="--worktree creates a git worktree when the path does not exist" classname="" time="0.589217" file="target-repo\test\worktree.test.ts" line="71" assertions="4" />
  </testsuite>
  <testsuite name="target-repo\test\write-parallel.test.ts" file="target-repo\test\write-parallel.test.ts" tests="6" assertions="12" failures="0" skipped="0" time="0.413" hostname="">
    <testcase name="distinct-file writes in one batch run concurrently" classname="" time="0.045894" file="target-repo\test\write-parallel.test.ts" line="35" assertions="2" />
    <testcase name="same-file writes stay strictly sequential (ordered, never overlap)" classname="" time="0.090724" file="target-repo\test\write-parallel.test.ts" line="45" assertions="2" />
    <testcase name="bash is exclusive: it never overlaps a write and runs after the write group" classname="" time="0.060154" file="target-repo\test\write-parallel.test.ts" line="59" assertions="4" />
    <testcase name="a path-less write does not parallelize (treated as a collision)" classname="" time="0.068044" file="target-repo\test\write-parallel.test.ts" line="73" assertions="1" />
    <testcase name="aliased spellings of the SAME file serialize (F3: ./x vs x lost-update fix)" classname="" time="0.093968" file="target-repo\test\write-parallel.test.ts" line="81" assertions="2" />
    <testcase name="case-variant paths serialize too (macOS case-insensitive FS safety)" classname="" time="0.057082" file="target-repo\test\write-parallel.test.ts" line="91" assertions="1" />
  </testsuite>
  <testsuite name="D:\clawWorld\jeo-claw\target-repo\test\commands\create.test.ts" file="D:\clawWorld\jeo-claw\target-repo\test\commands\create.test.ts" tests="4" assertions="15" failures="0" skipped="0" time="0" hostname="">
    <testsuite name="createCommand" file="D:\clawWorld\jeo-claw\target-repo\test\commands\create.test.ts" line="11" tests="4" assertions="15" failures="0" skipped="0" time="0.037" hostname="">
      <testcase name="should create a new task and save it to storage" classname="createCommand" time="0.002928" file="D:\clawWorld\jeo-claw\target-repo\test\commands\create.test.ts" line="37" assertions="4" />
      <testcase name="should create multiple tasks with incrementing IDs" classname="createCommand" time="0.004634" file="D:\clawWorld\jeo-claw\target-repo\test\commands\create.test.ts" line="49" assertions="5" />
      <testcase name="should delete a task via runDeleteCommand" classname="createCommand" time="0.015727" file="D:\clawWorld\jeo-claw\target-repo\test\commands\create.test.ts" line="62" assertions="3" />
      <testcase name="should toggle a task via runToggleCommand" classname="createCommand" time="0.016617" file="D:\clawWorld\jeo-claw\target-repo\test\commands\create.test.ts" line="79" assertions="3" />
    </testsuite>
  </testsuite>
</testsuites>
